Using pre-set license
Built from '2020.3/china_unity/release' branch; Version is '2020.3.34f1c2 (841de61e17c8) revision 8658406'; Using compiler version '192528614'; Build Type 'Release'
OS: 'Windows 11  (10.0.22621) 64bit CoreCountrySpecific' Language: 'zh' Physical Memory: 15791 MB
BatchMode: 1, IsHumanControllingUs: 0, StartBugReporterOnCrash: 0, Is64bit: 1, IsPro: 0

COMMAND LINE ARGUMENTS:
C:\Program Files\Unity\Hub\Editor\2020.3.34f1c2\Editor\Unity.exe
-adb2
-batchMode
-noUpm
-name
AssetImportWorker0
-projectPath
C:/Users/ww176/Desktop/AngryBirdsStyleGame-master/AngryBirdsStyleGame-master
-logFile
Logs/AssetImportWorker0.log
-srvPort
53996
Successfully changed project path to: C:/Users/ww176/Desktop/AngryBirdsStyleGame-master/AngryBirdsStyleGame-master
C:/Users/ww176/Desktop/AngryBirdsStyleGame-master/AngryBirdsStyleGame-master
Using Asset Import Pipeline V2.
AS: AutoStreaming module initializing.Refreshing native plugins compatible for Editor in 77.45 ms, found 2 plugins.
Preloading 0 native plugins for Editor in 0.00 ms.
Initialize engine version: 2020.3.34f1c2 (841de61e17c8)
[Subsystems] Discovering subsystems at path C:/Program Files/Unity/Hub/Editor/2020.3.34f1c2/Editor/Data/Resources/UnitySubsystems
[Subsystems] Discovering subsystems at path C:/Users/ww176/Desktop/AngryBirdsStyleGame-master/AngryBirdsStyleGame-master/Assets
GfxDevice: creating device client; threaded=0
Direct3D:
    Version:  Direct3D 11.0 [level 11.1]
    Renderer: NVIDIA GeForce GTX 1650 Ti (ID=0x1f95)
    Vendor:   
    VRAM:     3962 MB
    Driver:   31.0.15.1640
Initialize mono
Mono path[0] = 'C:/Program Files/Unity/Hub/Editor/2020.3.34f1c2/Editor/Data/Managed'
Mono path[1] = 'C:/Program Files/Unity/Hub/Editor/2020.3.34f1c2/Editor/Data/MonoBleedingEdge/lib/mono/unityjit'
Mono config path = 'C:/Program Files/Unity/Hub/Editor/2020.3.34f1c2/Editor/Data/MonoBleedingEdge/etc'
Using monoOptions --debugger-agent=transport=dt_socket,embedding=1,server=y,suspend=n,address=127.0.0.1:56128
Begin MonoManager ReloadAssembly
Registering precompiled unity dll's ...
Register platform support module: C:/Program Files/Unity/Hub/Editor/2020.3.34f1c2/Editor/Data/PlaybackEngines/WebGLSupport/UnityEditor.WebGL.Extensions.dll
Register platform support module: C:/Program Files/Unity/Hub/Editor/2020.3.34f1c2/Editor/Data/PlaybackEngines/WindowsStandaloneSupport/UnityEditor.WindowsStandalone.Extensions.dll
Registered in 0.003271 seconds.
Native extension for WindowsStandalone target not found
Native extension for WebGL target not found
Refreshing native plugins compatible for Editor in 60.52 ms, found 2 plugins.
Preloading 0 native plugins for Editor in 0.00 ms.
Mono: successfully reloaded assembly
- Completed reload, in  0.622 seconds
Domain Reload Profiling:
	ReloadAssembly (622ms)
		BeginReloadAssembly (81ms)
			ExecutionOrderSort (0ms)
			DisableScriptedObjects (0ms)
			BackupInstance (0ms)
			ReleaseScriptingObjects (0ms)
			CreateAndSetChildDomain (1ms)
		EndReloadAssembly (461ms)
			LoadAssemblies (78ms)
			RebuildTransferFunctionScriptingTraits (0ms)
			SetupTypeCache (142ms)
			ReleaseScriptCaches (0ms)
			RebuildScriptCaches (31ms)
			SetupLoadedEditorAssemblies (173ms)
				LogAssemblyErrors (0ms)
				InitializePlatformSupportModulesInManaged (5ms)
				SetLoadedEditorAssemblies (0ms)
				RefreshPlugins (61ms)
				BeforeProcessingInitializeOnLoad (15ms)
				ProcessInitializeOnLoadAttributes (68ms)
				ProcessInitializeOnLoadMethodAttributes (24ms)
				AfterProcessingInitializeOnLoad (0ms)
				EditorAssembliesLoaded (0ms)
			ExecutionOrderSort2 (0ms)
			AwakeInstancesAfterBackupRestoration (0ms)
Platform modules already initialized, skipping
Registering precompiled user dll's ...
Registered in 0.007628 seconds.
Begin MonoManager ReloadAssembly
Native extension for WindowsStandalone target not found
Native extension for WebGL target not found
Refreshing native plugins compatible for Editor in 0.66 ms, found 2 plugins.
Preloading 0 native plugins for Editor in 0.00 ms.
Mono: successfully reloaded assembly
- Completed reload, in  1.064 seconds
Domain Reload Profiling:
	ReloadAssembly (1064ms)
		BeginReloadAssembly (144ms)
			ExecutionOrderSort (0ms)
			DisableScriptedObjects (4ms)
			BackupInstance (0ms)
			ReleaseScriptingObjects (0ms)
			CreateAndSetChildDomain (18ms)
		EndReloadAssembly (856ms)
			LoadAssemblies (108ms)
			RebuildTransferFunctionScriptingTraits (0ms)
			SetupTypeCache (265ms)
			ReleaseScriptCaches (1ms)
			RebuildScriptCaches (44ms)
			SetupLoadedEditorAssemblies (372ms)
				LogAssemblyErrors (0ms)
				InitializePlatformSupportModulesInManaged (5ms)
				SetLoadedEditorAssemblies (0ms)
				RefreshPlugins (1ms)
				BeforeProcessingInitializeOnLoad (98ms)
				ProcessInitializeOnLoadAttributes (186ms)
				ProcessInitializeOnLoadMethodAttributes (70ms)
				AfterProcessingInitializeOnLoad (12ms)
				EditorAssembliesLoaded (0ms)
			ExecutionOrderSort2 (0ms)
			AwakeInstancesAfterBackupRestoration (2ms)
Platform modules already initialized, skipping
========================================================================
Worker process is ready to serve import requests
Launched and connected shader compiler UnityShaderCompiler.exe after 0.06 seconds
Refreshing native plugins compatible for Editor in 0.63 ms, found 2 plugins.
Preloading 0 native plugins for Editor in 0.00 ms.
Unloading 2214 Unused Serialized files (Serialized files now loaded: 0)
System memory in use before: 91.3 MB.
System memory in use after: 91.4 MB.

Unloading 55 unused Assets to reduce memory usage. Loaded Objects now: 2621.
Total: 5.983300 ms (FindLiveObjects: 0.220200 ms CreateObjectMapping: 0.097200 ms MarkObjects: 5.544200 ms  DeleteObjects: 0.119900 ms)

AssetImportParameters requested are different than current active one (requested -> active):
  custom:framework-win-MediaFoundation: 216162199b28c13a410421893ffa2e32 -> 
  custom:video-decoder-ogg-theora: a1e56fd34408186e4bbccfd4996cb3dc -> 
  custom:container-muxer-webm: aa71ff27fc2769a1b78a27578f13a17b -> 
  custom:container-demuxer-webm: 4f35f7cbe854078d1ac9338744f61a02 -> 
  custom:container-demuxer-ogg: 62fdf1f143b41e24485cea50d1cbac27 -> 
  custom:video-encoder-webm-vp8: eb34c28f22e8b96e1ab97ce403110664 -> 
  custom:video-codec-MediaFoundation-h265: 746d11721c4dcdbdad8f713fa42b33f4 -> 
  custom:video-decoder-webm-vp8: 9c59270c3fd7afecdb556c50c9e8de78 -> 
  custom:audio-decoder-ogg-vorbis: bf7c407c2cedff20999df2af8eb42d56 -> 
  custom:audio-encoder-webm-vorbis: bf7c407c2cedff20999df2af8eb42d56 -> 
========================================================================
Received Import Request.
  path: Assets/Scenes
  artifactKey: Guid(478c653535c5df84fb71920720142402) Importer(815301076,1909f56bfc062723c751e8b465ee728b)
Start importing Assets/Scenes using Guid(478c653535c5df84fb71920720142402) Importer(815301076,1909f56bfc062723c751e8b465ee728b)  -> (artifact id: '21513900358d46fcbeff2e007b1a9433') in 0.007285 seconds 
========================================================================
Received Import Request.
  Time since last request: 5.807858 seconds.
  path: Assets/Scenes/game.unity
  artifactKey: Guid(4a326b4413a8cec44b3aa2d59ea66163) Importer(815301076,1909f56bfc062723c751e8b465ee728b)
Start importing Assets/Scenes/game.unity using Guid(4a326b4413a8cec44b3aa2d59ea66163) Importer(815301076,1909f56bfc062723c751e8b465ee728b)  -> (artifact id: 'e587a7b56f65fe15c1bebcefc62292fe') in 0.004513 seconds 
========================================================================
Received Import Request.
  Time since last request: 69.678402 seconds.
  path: Assets/Resources
  artifactKey: Guid(9b69dd33b4f9ab84498578944d847719) Importer(815301076,1909f56bfc062723c751e8b465ee728b)
Start importing Assets/Resources using Guid(9b69dd33b4f9ab84498578944d847719) Importer(815301076,1909f56bfc062723c751e8b465ee728b)  -> (artifact id: 'd8594cb159f85d15f7adb3b55aa0607b') in 0.003674 seconds 
========================================================================
Received Import Request.
  Time since last request: 1.989689 seconds.
  path: Assets/Resources/BillingMode.json
  artifactKey: Guid(a81996a0678129e4386f244a3eb566db) Importer(815301076,1909f56bfc062723c751e8b465ee728b)
Start importing Assets/Resources/BillingMode.json using Guid(a81996a0678129e4386f244a3eb566db) Importer(815301076,1909f56bfc062723c751e8b465ee728b)  -> (artifact id: 'bda5f292cdb4ab0ad0274b47f3f8f799') in 0.037475 seconds 
========================================================================
Received Import Request.
  Time since last request: 6.096933 seconds.
  path: Assets/Prefabs/Tree.prefab
  artifactKey: Guid(a307a29a47f4ddc4eba0eb7fd4b9e951) Importer(815301076,1909f56bfc062723c751e8b465ee728b)
Start importing Assets/Prefabs/Tree.prefab using Guid(a307a29a47f4ddc4eba0eb7fd4b9e951) Importer(815301076,1909f56bfc062723c751e8b465ee728b)  -> (artifact id: 'cd77791e791176abb5b38f604411dc05') in 0.077416 seconds 
========================================================================
Received Import Request.
  Time since last request: 0.535079 seconds.
  path: Assets/Prefabs/redBird.prefab
  artifactKey: Guid(2809d5453e912ed459919d777e07a2e3) Importer(815301076,1909f56bfc062723c751e8b465ee728b)
Start importing Assets/Prefabs/redBird.prefab using Guid(2809d5453e912ed459919d777e07a2e3) Importer(815301076,1909f56bfc062723c751e8b465ee728b)  -> (artifact id: '9730f8d801af3093b671a2c138c8c7f3') in 0.032879 seconds 
========================================================================
Received Import Request.
  Time since last request: 0.984902 seconds.
  path: Assets/Prefabs/Pig.prefab
  artifactKey: Guid(bdf84bd8ec85a734ca6dfe398bfd99f4) Importer(815301076,1909f56bfc062723c751e8b465ee728b)
Start importing Assets/Prefabs/Pig.prefab using Guid(bdf84bd8ec85a734ca6dfe398bfd99f4) Importer(815301076,1909f56bfc062723c751e8b465ee728b)  -> (artifact id: '67a634d790122ddaa461b835176738ed') in 0.013427 seconds 
========================================================================
Received Import Request.
  Time since last request: 0.503856 seconds.
  path: Assets/Prefabs/INGAME_BLOCKS_WOOD_1_24.prefab
  artifactKey: Guid(e0943888d2a6d6c48842fe461cdb90f7) Importer(815301076,1909f56bfc062723c751e8b465ee728b)
Start importing Assets/Prefabs/INGAME_BLOCKS_WOOD_1_24.prefab using Guid(e0943888d2a6d6c48842fe461cdb90f7) Importer(815301076,1909f56bfc062723c751e8b465ee728b)  -> (artifact id: 'a4a2dac37dc3e72b0b7225870ed4ac78') in 0.013288 seconds 
========================================================================
Received Import Request.
  Time since last request: 1.042259 seconds.
  path: Assets/Prefabs/forest-2_15.prefab
  artifactKey: Guid(57a6c4c522dd83d44950a2ce813128bd) Importer(815301076,1909f56bfc062723c751e8b465ee728b)
Start importing Assets/Prefabs/forest-2_15.prefab using Guid(57a6c4c522dd83d44950a2ce813128bd) Importer(815301076,1909f56bfc062723c751e8b465ee728b)  -> (artifact id: '7147c3e582e38197fc9cc882cbcbb1a5') in 0.017604 seconds 
========================================================================
Received Import Request.
  Time since last request: 0.631687 seconds.
  path: Assets/Prefabs/forest-2_6.prefab
  artifactKey: Guid(41197247bbb24ed4bb5ecaacf6f654f0) Importer(815301076,1909f56bfc062723c751e8b465ee728b)
Start importing Assets/Prefabs/forest-2_6.prefab using Guid(41197247bbb24ed4bb5ecaacf6f654f0) Importer(815301076,1909f56bfc062723c751e8b465ee728b)  -> (artifact id: 'a94c71aad4827153a2cf56ff0ebb48ce') in 0.018247 seconds 
========================================================================
Received Import Request.
  Time since last request: 0.943109 seconds.
  path: Assets/Prefabs/Flower.prefab
  artifactKey: Guid(bb6ad6fe0c50c814f8f2e8c745c70c9f) Importer(815301076,1909f56bfc062723c751e8b465ee728b)
Start importing Assets/Prefabs/Flower.prefab using Guid(bb6ad6fe0c50c814f8f2e8c745c70c9f) Importer(815301076,1909f56bfc062723c751e8b465ee728b)  -> (artifact id: 'a136b4007843afb7cdc7abb52bac404b') in 0.022223 seconds 
========================================================================
Received Import Request.
  Time since last request: 0.906526 seconds.
  path: Assets/Prefabs/Destroyer.prefab
  artifactKey: Guid(44b475a6ec50a2d478371813bff1ef29) Importer(815301076,1909f56bfc062723c751e8b465ee728b)
Start importing Assets/Prefabs/Destroyer.prefab using Guid(44b475a6ec50a2d478371813bff1ef29) Importer(815301076,1909f56bfc062723c751e8b465ee728b)  -> (artifact id: '2b078098a11d63b64e8ca7349e0ae6b6') in 0.066940 seconds 
========================================================================
Received Import Request.
  Time since last request: 8.448740 seconds.
  path: Assets/Materials/Floor.physicsMaterial2D
  artifactKey: Guid(dd6a97cc93bb7af48b69c503bcbcf1cd) Importer(815301076,1909f56bfc062723c751e8b465ee728b)
Start importing Assets/Materials/Floor.physicsMaterial2D using Guid(dd6a97cc93bb7af48b69c503bcbcf1cd) Importer(815301076,1909f56bfc062723c751e8b465ee728b)  -> (artifact id: '25c7d7627558cfb7d2a37b7f92edaae5') in 0.008484 seconds 
========================================================================
Received Import Request.
  Time since last request: 1.560609 seconds.
  path: Assets/Sprites/smoke.tif
  artifactKey: Guid(08f28e42a647e2a4cbd32e793359aa3c) Importer(815301076,1909f56bfc062723c751e8b465ee728b)
Start importing Assets/Sprites/smoke.tif using Guid(08f28e42a647e2a4cbd32e793359aa3c) Importer(815301076,1909f56bfc062723c751e8b465ee728b)  -> (artifact id: 'e2037735616515315bab9d3b0f1bea9b') in 0.020896 seconds 
========================================================================
Received Prepare
Registering precompiled user dll's ...
Registered in 0.006602 seconds.
Begin MonoManager ReloadAssembly
Native extension for WindowsStandalone target not found
Native extension for WebGL target not found
Refreshing native plugins compatible for Editor in 1.12 ms, found 2 plugins.
Preloading 0 native plugins for Editor in 0.00 ms.
Mono: successfully reloaded assembly
- Completed reload, in  1.047 seconds
Domain Reload Profiling:
	ReloadAssembly (1047ms)
		BeginReloadAssembly (119ms)
			ExecutionOrderSort (0ms)
			DisableScriptedObjects (4ms)
			BackupInstance (0ms)
			ReleaseScriptingObjects (0ms)
			CreateAndSetChildDomain (32ms)
		EndReloadAssembly (867ms)
			LoadAssemblies (102ms)
			RebuildTransferFunctionScriptingTraits (0ms)
			SetupTypeCache (270ms)
			ReleaseScriptCaches (1ms)
			RebuildScriptCaches (46ms)
			SetupLoadedEditorAssemblies (367ms)
				LogAssemblyErrors (0ms)
				InitializePlatformSupportModulesInManaged (7ms)
				SetLoadedEditorAssemblies (1ms)
				RefreshPlugins (1ms)
				BeforeProcessingInitializeOnLoad (106ms)
				ProcessInitializeOnLoadAttributes (180ms)
				ProcessInitializeOnLoadMethodAttributes (61ms)
				AfterProcessingInitializeOnLoad (11ms)
				EditorAssembliesLoaded (0ms)
			ExecutionOrderSort2 (0ms)
			AwakeInstancesAfterBackupRestoration (2ms)
Platform modules already initialized, skipping
Refreshing native plugins compatible for Editor in 0.67 ms, found 2 plugins.
Preloading 0 native plugins for Editor in 0.00 ms.
Unloading 2208 Unused Serialized files (Serialized files now loaded: 0)
System memory in use before: 94.6 MB.
System memory in use after: 94.7 MB.

Unloading 47 unused Assets to reduce memory usage. Loaded Objects now: 2634.
Total: 5.986900 ms (FindLiveObjects: 0.227300 ms CreateObjectMapping: 0.097200 ms MarkObjects: 5.623200 ms  DeleteObjects: 0.037700 ms)

AssetImportParameters requested are different than current active one (requested -> active):
  custom:framework-win-MediaFoundation: 216162199b28c13a410421893ffa2e32 -> 
  custom:video-decoder-ogg-theora: a1e56fd34408186e4bbccfd4996cb3dc -> 
  custom:container-muxer-webm: aa71ff27fc2769a1b78a27578f13a17b -> 
  custom:container-demuxer-webm: 4f35f7cbe854078d1ac9338744f61a02 -> 
  custom:container-demuxer-ogg: 62fdf1f143b41e24485cea50d1cbac27 -> 
  custom:video-encoder-webm-vp8: eb34c28f22e8b96e1ab97ce403110664 -> 
  custom:video-codec-MediaFoundation-h265: 746d11721c4dcdbdad8f713fa42b33f4 -> 
  custom:video-decoder-webm-vp8: 9c59270c3fd7afecdb556c50c9e8de78 -> 
  custom:audio-decoder-ogg-vorbis: bf7c407c2cedff20999df2af8eb42d56 -> 
  custom:audio-encoder-webm-vorbis: bf7c407c2cedff20999df2af8eb42d56 -> 
AssetImportWorkerClient::OnTransportError - code=2 error=End of file
